<?xml version="1.0" encoding="UTF-8"?>
<!-- Generated by org.testng.reporters.JUnitXMLReporter -->
<testsuite ignored="0" hostname="LAPTOP-BFU477EP" failures="0" tests="3" name="Default test" time="0.1" errors="0" timestamp="2023-07-17T23:21:12 IST">
  <testcase classname="testNg.dataProviderPractice" name="dataProviderDemo" time="0.013"/>
  <testcase classname="testNg.dataProviderPractice" name="dataProviderDemo" time="0.002"/>
  <testcase classname="testNg.dataProviderPractice" name="dataProviderDemo" time="0.001"/>
</testsuite> <!-- Default test -->
