<?xml version="1.0" encoding="UTF-8"?>
<testng-results ignored="0" total="3" passed="3" failed="0" skipped="0">
  <reporter-output>
  </reporter-output>
  <suite started-at="2023-07-17T23:21:12 IST" name="Default suite" finished-at="2023-07-17T23:21:12 IST" duration-ms="100">
    <groups>
    </groups>
    <test started-at="2023-07-17T23:21:12 IST" name="Default test" finished-at="2023-07-17T23:21:12 IST" duration-ms="100">
      <class name="testNg.dataProviderPractice">
        <test-method signature="dataProviderDemo(java.lang.String,int)[pri:0, instance:testNg.dataProviderPractice@f09733f]" started-at="2023-07-17T23:21:12 IST" name="dataProviderDemo" data-provider="getData" finished-at="2023-07-17T23:21:12 IST" duration-ms="13" status="PASS">
          <params>
            <param index="0">
              <value>
                <![CDATA[iphone]]>
              </value>
            </param>
            <param index="1">
              <value>
                <![CDATA[25000]]>
              </value>
            </param>
          </params>
          <reporter-output>
          </reporter-output>
        </test-method> <!-- dataProviderDemo -->
        <test-method signature="dataProviderDemo(java.lang.String,int)[pri:0, instance:testNg.dataProviderPractice@f09733f]" started-at="2023-07-17T23:21:12 IST" name="dataProviderDemo" data-provider="getData" finished-at="2023-07-17T23:21:12 IST" duration-ms="2" status="PASS">
          <params>
            <param index="0">
              <value>
                <![CDATA[samsung]]>
              </value>
            </param>
            <param index="1">
              <value>
                <![CDATA[20000]]>
              </value>
            </param>
          </params>
          <reporter-output>
          </reporter-output>
        </test-method> <!-- dataProviderDemo -->
        <test-method signature="dataProviderDemo(java.lang.String,int)[pri:0, instance:testNg.dataProviderPractice@f09733f]" started-at="2023-07-17T23:21:12 IST" name="dataProviderDemo" data-provider="getData" finished-at="2023-07-17T23:21:12 IST" duration-ms="1" status="PASS">
          <params>
            <param index="0">
              <value>
                <![CDATA[vivo]]>
              </value>
            </param>
            <param index="1">
              <value>
                <![CDATA[10000]]>
              </value>
            </param>
          </params>
          <reporter-output>
          </reporter-output>
        </test-method> <!-- dataProviderDemo -->
      </class> <!-- testNg.dataProviderPractice -->
    </test> <!-- Default test -->
  </suite> <!-- Default suite -->
</testng-results>
